Using pre-set license
Built from '2020.3/release' branch; Version is '2020.3.1f1 (77a89f25062f) revision 7841951'; Using compiler version '192528614'; Build Type 'Release'
OS: 'Windows 10 Pro; OS build 22000.613; Version 2009; 64bit' Language: 'en' Physical Memory: 8010 MB
BatchMode: 1, IsHumanControllingUs: 0, StartBugReporterOnCrash: 0, Is64bit: 1, IsPro: 0

 COMMAND LINE ARGUMENTS:
C:\Program Files\Unity\Hub\Editor\2020.3.1f1\Editor\Unity.exe
-adb2
-batchMode
-noUpm
-name
AssetImportWorker0
-projectPath
E:/UTM SEMESTER 6/SCSV4543- 02 ADVANCED COMPUTER GRAPHICS/Assignment1/Assignment1 - Ship
-logFile
Logs/AssetImportWorker0.log
-srvPort
55540
Successfully changed project path to: E:/UTM SEMESTER 6/SCSV4543- 02 ADVANCED COMPUTER GRAPHICS/Assignment1/Assignment1 - Ship
E:/UTM SEMESTER 6/SCSV4543- 02 ADVANCED COMPUTER GRAPHICS/Assignment1/Assignment1 - Ship
Using Asset Import Pipeline V2.
Refreshing native plugins compatible for Editor in 28.08 ms, found 0 plugins.
Preloading 0 native plugins for Editor in 0.00 ms.
Initialize engine version: 2020.3.1f1 (77a89f25062f)
[Subsystems] Discovering subsystems at path C:/Program Files/Unity/Hub/Editor/2020.3.1f1/Editor/Data/Resources/UnitySubsystems
[Subsystems] Discovering subsystems at path E:/UTM SEMESTER 6/SCSV4543- 02 ADVANCED COMPUTER GRAPHICS/Assignment1/Assignment1 - Ship/Assets
GfxDevice: creating device client; threaded=0
Direct3D:
    Version:  Direct3D 11.0 [level 11.1]
    Renderer: NVIDIA GeForce RTX 3050 Laptop GPU (ID=0x25a2)
    Vendor:   
    VRAM:     3991 MB
    Driver:   27.21.14.6221
Initialize mono
Mono path[0] = 'C:/Program Files/Unity/Hub/Editor/2020.3.1f1/Editor/Data/Managed'
Mono path[1] = 'C:/Program Files/Unity/Hub/Editor/2020.3.1f1/Editor/Data/MonoBleedingEdge/lib/mono/unityjit'
Mono config path = 'C:/Program Files/Unity/Hub/Editor/2020.3.1f1/Editor/Data/MonoBleedingEdge/etc'
Using monoOptions --debugger-agent=transport=dt_socket,embedding=1,server=y,suspend=n,address=127.0.0.1:56488
Begin MonoManager ReloadAssembly
Registering precompiled unity dll's ...
Register platform support module: C:/Program Files/Unity/Hub/Editor/2020.3.1f1/Editor/Data/PlaybackEngines/WindowsStandaloneSupport/UnityEditor.WindowsStandalone.Extensions.dll
Registered in 0.001078 seconds.
Native extension for WindowsStandalone target not found
Refreshing native plugins compatible for Editor in 28.72 ms, found 0 plugins.
Preloading 0 native plugins for Editor in 0.00 ms.
Invoked RoslynAnalysisRunner static constructor.
RoslynAnalysisRunner will not be running.
RoslynAnalysisRunner has terminated.
Mono: successfully reloaded assembly
- Completed reload, in  1.631 seconds
Platform modules already initialized, skipping
Registering precompiled user dll's ...
Registered in 0.000459 seconds.
Begin MonoManager ReloadAssembly
Native extension for WindowsStandalone target not found
Refreshing native plugins compatible for Editor in 0.29 ms, found 0 plugins.
Preloading 0 native plugins for Editor in 0.00 ms.
Invoked RoslynAnalysisRunner static constructor.
RoslynAnalysisRunner will not be running.
RoslynAnalysisRunner has terminated.
Mono: successfully reloaded assembly
- Completed reload, in  0.710 seconds
Platform modules already initialized, skipping
========================================================================
Worker process is ready to serve import requests
Launched and connected shader compiler UnityShaderCompiler.exe after 0.03 seconds
Refreshing native plugins compatible for Editor in 0.31 ms, found 0 plugins.
Preloading 0 native plugins for Editor in 0.00 ms.
Unloading 1243 Unused Serialized files (Serialized files now loaded: 0)
System memory in use before: 70.4 MB.
System memory in use after: 70.1 MB.

Unloading 12 unused Assets to reduce memory usage. Loaded Objects now: 1696.
Total: 1.868600 ms (FindLiveObjects: 0.140500 ms CreateObjectMapping: 0.050500 ms MarkObjects: 1.376500 ms  DeleteObjects: 0.300000 ms)

========================================================================
Received Import Request.
  path: Assets/Standard Assets/Prototyping/Models/StepsPrototype04x02x02.fbx
  artifactKey: Guid(900e53dd850c9cc4281be6fa21bdfea5) Importer(815301076,1909f56bfc062723c751e8b465ee728b)
Start importing Assets/Standard Assets/Prototyping/Models/StepsPrototype04x02x02.fbx using Guid(900e53dd850c9cc4281be6fa21bdfea5) Importer(815301076,1909f56bfc062723c751e8b465ee728b)  -> (artifact id: 'bbb2a9fa4aeec4dbb833886aafefb2ea') in 0.311581 seconds
  Import took 0.319473 seconds .

========================================================================
Received Import Request.
  Time since last request: 0.000284 seconds.
  path: Assets/Alstra Infinite/Boats LowPoly/Models/1.2 Version/Speed_Boat.fbx
  artifactKey: Guid(fb2bcf6de7a3fd14f8e4ec1f1a2e1bc1) Importer(815301076,1909f56bfc062723c751e8b465ee728b)
Start importing Assets/Alstra Infinite/Boats LowPoly/Models/1.2 Version/Speed_Boat.fbx using Guid(fb2bcf6de7a3fd14f8e4ec1f1a2e1bc1) Importer(815301076,1909f56bfc062723c751e8b465ee728b)  -> (artifact id: '772b7e6577aece0c14ce08993fbe80f2') in 0.044223 seconds
  Import took 0.046170 seconds .

========================================================================
Received Import Request.
  Time since last request: 0.000192 seconds.
  path: Assets/SampleScenes/Models/PrimaryJumpRamp.fbx
  artifactKey: Guid(e5a593bc7144a6c45b7a3d4543355ec4) Importer(815301076,1909f56bfc062723c751e8b465ee728b)
Start importing Assets/SampleScenes/Models/PrimaryJumpRamp.fbx using Guid(e5a593bc7144a6c45b7a3d4543355ec4) Importer(815301076,1909f56bfc062723c751e8b465ee728b)  -> (artifact id: '2be3f35f2c5fc7f6618fb65d180b6f10') in 0.080299 seconds
  Import took 0.082925 seconds .

========================================================================
Received Import Request.
  Time since last request: 0.000282 seconds.
  path: Assets/Alstra Infinite/Boats LowPoly/Models/1.2 Version/Scout_Boat.fbx
  artifactKey: Guid(0e6c567c9eb17644780f66c4dea0324b) Importer(815301076,1909f56bfc062723c751e8b465ee728b)
Start importing Assets/Alstra Infinite/Boats LowPoly/Models/1.2 Version/Scout_Boat.fbx using Guid(0e6c567c9eb17644780f66c4dea0324b) Importer(815301076,1909f56bfc062723c751e8b465ee728b)  -> (artifact id: '5d3053f96b331971ceda058af7d730ef') in 0.024397 seconds
  Import took 0.031825 seconds .

========================================================================
Received Import Request.
  Time since last request: 0.000280 seconds.
  path: Assets/Standard Assets/Prototyping/Models/PlatformPrototype08x01x08.fbx
  artifactKey: Guid(879dd62cbfd65314d812354e257fc5cc) Importer(815301076,1909f56bfc062723c751e8b465ee728b)
Start importing Assets/Standard Assets/Prototyping/Models/PlatformPrototype08x01x08.fbx using Guid(879dd62cbfd65314d812354e257fc5cc) Importer(815301076,1909f56bfc062723c751e8b465ee728b)  -> (artifact id: '733e082365d833cdc325c1a8e489971e') in 0.044241 seconds
  Import took 0.057088 seconds .

========================================================================
Received Import Request.
  Time since last request: 0.000240 seconds.
  path: Assets/Standard Assets/Vehicles/Car/Models/SkyCar.fbx
  artifactKey: Guid(e6fec471c20b9d148b1f87910e67bea4) Importer(815301076,1909f56bfc062723c751e8b465ee728b)
Start importing Assets/Standard Assets/Vehicles/Car/Models/SkyCar.fbx using Guid(e6fec471c20b9d148b1f87910e67bea4) Importer(815301076,1909f56bfc062723c751e8b465ee728b)  -> (artifact id: '347997dfca449997121eae1cc82ed585') in 0.371015 seconds
  Import took 0.383199 seconds .

========================================================================
Received Import Request.
  Time since last request: 0.000293 seconds.
  path: Assets/Standard Assets/Environment/Water (Basic)/Models/WaterBasicPlane.fbx
  artifactKey: Guid(ce8d79c79d11b8f9d00076e98d76c639) Importer(815301076,1909f56bfc062723c751e8b465ee728b)
Start importing Assets/Standard Assets/Environment/Water (Basic)/Models/WaterBasicPlane.fbx using Guid(ce8d79c79d11b8f9d00076e98d76c639) Importer(815301076,1909f56bfc062723c751e8b465ee728b)  -> (artifact id: '579a44b749e5015e49d6c7e197a0c58b') in 0.044667 seconds
  Import took 0.069138 seconds .

========================================================================
Received Import Request.
  Time since last request: 0.000255 seconds.
  path: Assets/Alstra Infinite/Boats LowPoly/Models/Scout_Boat.fbx
  artifactKey: Guid(9b7cc2e501ae9c546b416e06ed63191b) Importer(815301076,1909f56bfc062723c751e8b465ee728b)
Start importing Assets/Alstra Infinite/Boats LowPoly/Models/Scout_Boat.fbx using Guid(9b7cc2e501ae9c546b416e06ed63191b) Importer(815301076,1909f56bfc062723c751e8b465ee728b)  -> (artifact id: '1cb4eeeede891bc03d39190dbb210368') in 0.016280 seconds
  Import took 0.019075 seconds .

========================================================================
Received Import Request.
  Time since last request: 0.000316 seconds.
  path: Assets/Standard Assets/Prototyping/Models/WallPrototype08x08x01.fbx
  artifactKey: Guid(b5290684820a94548bedb95083785116) Importer(815301076,1909f56bfc062723c751e8b465ee728b)
Start importing Assets/Standard Assets/Prototyping/Models/WallPrototype08x08x01.fbx using Guid(b5290684820a94548bedb95083785116) Importer(815301076,1909f56bfc062723c751e8b465ee728b)  -> (artifact id: 'b6cd0a351d5f3724afac8d8e69a27834') in 0.045936 seconds
  Import took 0.056850 seconds .

========================================================================
Received Import Request.
  Time since last request: 0.000269 seconds.
  path: Assets/SampleScenes/Models/Ring.fbx
  artifactKey: Guid(ccb151eac4280a94c95575e12e56865a) Importer(815301076,1909f56bfc062723c751e8b465ee728b)
Start importing Assets/SampleScenes/Models/Ring.fbx using Guid(ccb151eac4280a94c95575e12e56865a) Importer(815301076,1909f56bfc062723c751e8b465ee728b)  -> (artifact id: 'eb1299d9e1a34f8d6b9dada137e417c3') in 0.084533 seconds
  Import took 0.099737 seconds .

========================================================================
Received Import Request.
  Time since last request: 0.000281 seconds.
  path: Assets/Alstra Infinite/Boats LowPoly/Models/1.2 Version/Wood_BoatV1.fbx
  artifactKey: Guid(fbb5dcac895ea8f48baac0a05c571227) Importer(815301076,1909f56bfc062723c751e8b465ee728b)
Start importing Assets/Alstra Infinite/Boats LowPoly/Models/1.2 Version/Wood_BoatV1.fbx using Guid(fbb5dcac895ea8f48baac0a05c571227) Importer(815301076,1909f56bfc062723c751e8b465ee728b)  -> (artifact id: '63996cd7d863b15a82974f0dbceeccd1') in 0.016657 seconds
  Import took 0.024089 seconds .

========================================================================
Received Import Request.
  Time since last request: 0.000167 seconds.
  path: Assets/Alstra Infinite/Boats LowPoly/Models/1.2 Version/Wood_BoatV2.fbx
  artifactKey: Guid(506eed4210c3bb0428d5bd0e644c7aa7) Importer(815301076,1909f56bfc062723c751e8b465ee728b)
Start importing Assets/Alstra Infinite/Boats LowPoly/Models/1.2 Version/Wood_BoatV2.fbx using Guid(506eed4210c3bb0428d5bd0e644c7aa7) Importer(815301076,1909f56bfc062723c751e8b465ee728b)  -> (artifact id: '36930d19827937e6d8d92cb1e4920bc5') in 0.024747 seconds
  Import took 0.030922 seconds .

========================================================================
Received Import Request.
  Time since last request: 0.000264 seconds.
  path: Assets/Alstra Infinite/Boats LowPoly/Models/Wood_BoatV1.fbx
  artifactKey: Guid(8b9c2549002de7a4fbba40dfaf37b661) Importer(815301076,1909f56bfc062723c751e8b465ee728b)
Start importing Assets/Alstra Infinite/Boats LowPoly/Models/Wood_BoatV1.fbx using Guid(8b9c2549002de7a4fbba40dfaf37b661) Importer(815301076,1909f56bfc062723c751e8b465ee728b)  -> (artifact id: 'a3b2b61b9caec9b57d61e6f351f15809') in 0.018844 seconds
  Import took 0.029121 seconds .

========================================================================
Received Import Request.
  Time since last request: 0.000343 seconds.
  path: Assets/Alstra Infinite/Boats LowPoly/Models/Wood_BoatV2.fbx
  artifactKey: Guid(68a020305c237254693950ecc1f0ce5b) Importer(815301076,1909f56bfc062723c751e8b465ee728b)
Start importing Assets/Alstra Infinite/Boats LowPoly/Models/Wood_BoatV2.fbx using Guid(68a020305c237254693950ecc1f0ce5b) Importer(815301076,1909f56bfc062723c751e8b465ee728b)  -> (artifact id: '630482d5bb0ec67566dc5accf78f590f') in 0.018198 seconds
  Import took 0.021029 seconds .

========================================================================
Received Import Request.
  Time since last request: 0.000322 seconds.
  path: Assets/Standard Assets/Characters/RollerBall/Models/RollerBall.fbx
  artifactKey: Guid(d05d496cb4f43c14e80630addd23652e) Importer(815301076,1909f56bfc062723c751e8b465ee728b)
Start importing Assets/Standard Assets/Characters/RollerBall/Models/RollerBall.fbx using Guid(d05d496cb4f43c14e80630addd23652e) Importer(815301076,1909f56bfc062723c751e8b465ee728b)  -> (artifact id: '8b7a5ae77bd17eec8cc0f98ca1170cb2') in 0.105431 seconds
  Import took 0.115042 seconds .

========================================================================
Received Import Request.
  Time since last request: 0.000273 seconds.
  path: Assets/SampleScenes/Models/Platforms.fbx
  artifactKey: Guid(c35d6bf90f6954140bdbb6cd51b608ac) Importer(815301076,1909f56bfc062723c751e8b465ee728b)
Start importing Assets/SampleScenes/Models/Platforms.fbx using Guid(c35d6bf90f6954140bdbb6cd51b608ac) Importer(815301076,1909f56bfc062723c751e8b465ee728b)  -> (artifact id: 'c67d9bce81b306b63af638789487524a') in 0.031981 seconds
  Import took 0.033999 seconds .

========================================================================
Received Import Request.
  Time since last request: 0.000243 seconds.
  path: Assets/Alstra Infinite/Boats LowPoly/Models/Speed_Boat.fbx
  artifactKey: Guid(bd9a454e38c659042a64aed151907719) Importer(815301076,1909f56bfc062723c751e8b465ee728b)
Start importing Assets/Alstra Infinite/Boats LowPoly/Models/Speed_Boat.fbx using Guid(bd9a454e38c659042a64aed151907719) Importer(815301076,1909f56bfc062723c751e8b465ee728b)  -> (artifact id: '514a21610b8ce62c081eff1a51fd1788') in 0.016316 seconds
  Import took 0.026543 seconds .

========================================================================
Received Import Request.
  Time since last request: 0.000278 seconds.
  path: Assets/Standard Assets/Environment/Water/Water/Models/WaterPlane.fbx
  artifactKey: Guid(ba6a41dc489914734857bb5924eb70ad) Importer(815301076,1909f56bfc062723c751e8b465ee728b)
Start importing Assets/Standard Assets/Environment/Water/Water/Models/WaterPlane.fbx using Guid(ba6a41dc489914734857bb5924eb70ad) Importer(815301076,1909f56bfc062723c751e8b465ee728b)  -> (artifact id: '188febb7ad3295b7aaa34bd19924b353') in 0.034532 seconds
  Import took 0.056491 seconds .

========================================================================
Received Import Request.
  Time since last request: 0.000225 seconds.
  path: Assets/Standard Assets/Prototyping/Models/RampPrototype04x02x02.fbx
  artifactKey: Guid(b9d7ac1a0f551404f8d32e1e02b64325) Importer(815301076,1909f56bfc062723c751e8b465ee728b)
Start importing Assets/Standard Assets/Prototyping/Models/RampPrototype04x02x02.fbx using Guid(b9d7ac1a0f551404f8d32e1e02b64325) Importer(815301076,1909f56bfc062723c751e8b465ee728b)  -> (artifact id: '3a6dd6c337c6cb1714394b4ab1db20e6') in 0.037281 seconds
  Import took 0.039254 seconds .

========================================================================
Received Import Request.
  Time since last request: 0.000212 seconds.
  path: Assets/SampleScenes/Models/RampElevated.fbx
  artifactKey: Guid(18dd8d7cbc4bc6a49ba9d26e2994c5bf) Importer(815301076,1909f56bfc062723c751e8b465ee728b)
Start importing Assets/SampleScenes/Models/RampElevated.fbx using Guid(18dd8d7cbc4bc6a49ba9d26e2994c5bf) Importer(815301076,1909f56bfc062723c751e8b465ee728b)  -> (artifact id: '0bed2355324aa69e521f6be18fb7adc7') in 0.030398 seconds
  Import took 0.032928 seconds .

========================================================================
Received Import Request.
  Time since last request: 1.633480 seconds.
  path: Assets/Alstra Infinite
  artifactKey: Guid(02ab9cc3c7b8b8347b119656fc405178) Importer(815301076,1909f56bfc062723c751e8b465ee728b)
Start importing Assets/Alstra Infinite using Guid(02ab9cc3c7b8b8347b119656fc405178) Importer(815301076,1909f56bfc062723c751e8b465ee728b)  -> (artifact id: '1cc95cd91942c514d736c96b3a7caab8') in 0.004754 seconds
  Import took 0.007058 seconds .

========================================================================
Received Import Request.
  Time since last request: 0.769015 seconds.
  path: Assets/Alstra Infinite/Boats LowPoly
  artifactKey: Guid(0d28007be1ec4a14cb8e3efe14961e27) Importer(815301076,1909f56bfc062723c751e8b465ee728b)
Start importing Assets/Alstra Infinite/Boats LowPoly using Guid(0d28007be1ec4a14cb8e3efe14961e27) Importer(815301076,1909f56bfc062723c751e8b465ee728b)  -> (artifact id: 'd3a5e6dbc4976700c0191be2c43178d3') in 0.005031 seconds
  Import took 0.057066 seconds .

========================================================================
Received Import Request.
  Time since last request: 1.055030 seconds.
  path: Assets/Alstra Infinite/Boats LowPoly/Prefabs
  artifactKey: Guid(011107e2e56b7e54488ec07820f78cd4) Importer(815301076,1909f56bfc062723c751e8b465ee728b)
Start importing Assets/Alstra Infinite/Boats LowPoly/Prefabs using Guid(011107e2e56b7e54488ec07820f78cd4) Importer(815301076,1909f56bfc062723c751e8b465ee728b)  -> (artifact id: 'eb738a29d1c9c858ad0f76bdcb55aab5') in 0.067498 seconds
  Import took 0.090327 seconds .

========================================================================
Received Import Request.
  Time since last request: 0.032344 seconds.
  path: Assets/Alstra Infinite/Boats LowPoly/Prefabs/Fisher_Boat.prefab
  artifactKey: Guid(e505ad6aa92b701429ccea3dac7fece1) Importer(815301076,1909f56bfc062723c751e8b465ee728b)
Start importing Assets/Alstra Infinite/Boats LowPoly/Prefabs/Fisher_Boat.prefab using Guid(e505ad6aa92b701429ccea3dac7fece1) Importer(815301076,1909f56bfc062723c751e8b465ee728b)  -> (artifact id: 'd8483e4e5fd54d7ce78984237af53273') in 0.017564 seconds
  Import took 0.036828 seconds .

========================================================================
Received Import Request.
  Time since last request: 0.000299 seconds.
  path: Assets/Alstra Infinite/Boats LowPoly/Prefabs/Wood_BoatV2.prefab
  artifactKey: Guid(0579d96e52e9e7843a6c880ce44856ea) Importer(815301076,1909f56bfc062723c751e8b465ee728b)
Start importing Assets/Alstra Infinite/Boats LowPoly/Prefabs/Wood_BoatV2.prefab using Guid(0579d96e52e9e7843a6c880ce44856ea) Importer(815301076,1909f56bfc062723c751e8b465ee728b)  -> (artifact id: 'f6b60c5f98980c4af39060275f1f70ea') in 0.009323 seconds
  Import took 0.029520 seconds .

========================================================================
Received Import Request.
  Time since last request: 0.000258 seconds.
  path: Assets/Alstra Infinite/Boats LowPoly/Prefabs/Fishing_Rod.prefab
  artifactKey: Guid(f2cfc7cd690e6fe4f9678427228e5322) Importer(815301076,1909f56bfc062723c751e8b465ee728b)
Start importing Assets/Alstra Infinite/Boats LowPoly/Prefabs/Fishing_Rod.prefab using Guid(f2cfc7cd690e6fe4f9678427228e5322) Importer(815301076,1909f56bfc062723c751e8b465ee728b)  -> (artifact id: '55628def732eb4873f75ced3d8f31046') in 0.010323 seconds
  Import took 0.013064 seconds .

========================================================================
Received Import Request.
  Time since last request: 0.000179 seconds.
  path: Assets/Alstra Infinite/Boats LowPoly/Prefabs/Paddle.prefab
  artifactKey: Guid(4ee27b028a294b244bb1f9ab2c26b4e1) Importer(815301076,1909f56bfc062723c751e8b465ee728b)
Start importing Assets/Alstra Infinite/Boats LowPoly/Prefabs/Paddle.prefab using Guid(4ee27b028a294b244bb1f9ab2c26b4e1) Importer(815301076,1909f56bfc062723c751e8b465ee728b)  -> (artifact id: 'ae68ba686510661f475b5b5288114a41') in 0.013364 seconds
  Import took 0.031469 seconds .

========================================================================
Received Import Request.
  Time since last request: 0.000220 seconds.
  path: Assets/Alstra Infinite/Boats LowPoly/Prefabs/Wood_BoatV1.prefab
  artifactKey: Guid(17c56660cef6fcc4088e1f30292e8e4a) Importer(815301076,1909f56bfc062723c751e8b465ee728b)
Start importing Assets/Alstra Infinite/Boats LowPoly/Prefabs/Wood_BoatV1.prefab using Guid(17c56660cef6fcc4088e1f30292e8e4a) Importer(815301076,1909f56bfc062723c751e8b465ee728b)  -> (artifact id: '414aeeb36ddee05b30ac3091ccaa2a70') in 0.012271 seconds
  Import took 0.019125 seconds .

========================================================================
Received Import Request.
  Time since last request: 0.000225 seconds.
  path: Assets/Alstra Infinite/Boats LowPoly/Prefabs/Speed_Boat.prefab
  artifactKey: Guid(aa70f82ba6bc4e64f8b9d77004fde085) Importer(815301076,1909f56bfc062723c751e8b465ee728b)
Start importing Assets/Alstra Infinite/Boats LowPoly/Prefabs/Speed_Boat.prefab using Guid(aa70f82ba6bc4e64f8b9d77004fde085) Importer(815301076,1909f56bfc062723c751e8b465ee728b)  -> (artifact id: '3619d920904b923793d381d8359fefc5') in 0.017344 seconds
  Import took 0.019886 seconds .

========================================================================
Received Import Request.
  Time since last request: 0.000296 seconds.
  path: Assets/Alstra Infinite/Boats LowPoly/Prefabs/Scout_Boat.prefab
  artifactKey: Guid(98db26e894714ab42a5329d6cd767c2f) Importer(815301076,1909f56bfc062723c751e8b465ee728b)
Start importing Assets/Alstra Infinite/Boats LowPoly/Prefabs/Scout_Boat.prefab using Guid(98db26e894714ab42a5329d6cd767c2f) Importer(815301076,1909f56bfc062723c751e8b465ee728b)  -> (artifact id: 'ab6a7411eb1dcfdfe939fe03adefef5b') in 0.014016 seconds
  Import took 0.017181 seconds .

========================================================================
Received Import Request.
  Time since last request: 322.894828 seconds.
  path: Assets
  artifactKey: Guid(00000000000000001000000000000000) Importer(815301076,1909f56bfc062723c751e8b465ee728b)
Start importing Assets using Guid(00000000000000001000000000000000) Importer(815301076,1909f56bfc062723c751e8b465ee728b)  -> (artifact id: 'a6374019befeac6ce670f13ba9960efb') in 0.007339 seconds
  Import took 0.050600 seconds .

========================================================================
Received Prepare
Registering precompiled user dll's ...
Registered in 0.000666 seconds.
Begin MonoManager ReloadAssembly
Native extension for WindowsStandalone target not found
Refreshing native plugins compatible for Editor in 0.44 ms, found 0 plugins.
Preloading 0 native plugins for Editor in 0.00 ms.
Invoked RoslynAnalysisRunner static constructor.
RoslynAnalysisRunner will not be running.
RoslynAnalysisRunner has terminated.
Mono: successfully reloaded assembly
- Completed reload, in  1.188 seconds
Platform modules already initialized, skipping
Refreshing native plugins compatible for Editor in 0.35 ms, found 0 plugins.
Preloading 0 native plugins for Editor in 0.00 ms.
Unloading 1219 Unused Serialized files (Serialized files now loaded: 0)
System memory in use before: 72.5 MB.
System memory in use after: 72.2 MB.

Unloading 8 unused Assets to reduce memory usage. Loaded Objects now: 1742.
Total: 2.396300 ms (FindLiveObjects: 0.152200 ms CreateObjectMapping: 0.042800 ms MarkObjects: 1.763200 ms  DeleteObjects: 0.437300 ms)

========================================================================
Received Import Request.
  Time since last request: 8.663482 seconds.
  path: Assets/Materials
  artifactKey: Guid(26d5e7f5c3063004d831c9c67f2cf93a) Importer(815301076,1909f56bfc062723c751e8b465ee728b)
Start importing Assets/Materials using Guid(26d5e7f5c3063004d831c9c67f2cf93a) Importer(815301076,1909f56bfc062723c751e8b465ee728b)  -> (artifact id: 'd5d1279113b7d02f8816c59c3cf1ef77') in 0.007107 seconds
  Import took 0.063680 seconds .

========================================================================
Received Import Request.
  Time since last request: 5.079459 seconds.
  path: Assets/Materials/Red.mat
  artifactKey: Guid(f9612ae4a9bc2494cab8574878888378) Importer(815301076,1909f56bfc062723c751e8b465ee728b)
Start importing Assets/Materials/Red.mat using Guid(f9612ae4a9bc2494cab8574878888378) Importer(815301076,1909f56bfc062723c751e8b465ee728b)  -> (artifact id: '5658f64091dbe8002fc770783d5e1d65') in 0.101588 seconds
  Import took 0.104586 seconds .

========================================================================
Received Import Request.
  Time since last request: 32.530673 seconds.
  path: Assets/Materials/Yellow.mat
  artifactKey: Guid(0e37cbfe3c515bf43b69fd7d4068bd95) Importer(815301076,1909f56bfc062723c751e8b465ee728b)
Start importing Assets/Materials/Yellow.mat using Guid(0e37cbfe3c515bf43b69fd7d4068bd95) Importer(815301076,1909f56bfc062723c751e8b465ee728b)  -> (artifact id: 'e3cf012cfef4642fb9f837f7d6dfa3b5') in 0.009393 seconds
  Import took 0.023179 seconds .

========================================================================
Received Import Request.
  Time since last request: 460.312020 seconds.
  path: Assets/Materials/Red.mat
  artifactKey: Guid(f9612ae4a9bc2494cab8574878888378) Importer(815301076,1909f56bfc062723c751e8b465ee728b)
Start importing Assets/Materials/Red.mat using Guid(f9612ae4a9bc2494cab8574878888378) Importer(815301076,1909f56bfc062723c751e8b465ee728b)  -> (artifact id: 'dc923428b273b74606a1ff65398dfa5c') in 0.012217 seconds
  Import took 0.014650 seconds .

========================================================================
Received Import Request.
  Time since last request: 0.000220 seconds.
  path: Assets/Materials/Yellow.mat
  artifactKey: Guid(0e37cbfe3c515bf43b69fd7d4068bd95) Importer(815301076,1909f56bfc062723c751e8b465ee728b)
Start importing Assets/Materials/Yellow.mat using Guid(0e37cbfe3c515bf43b69fd7d4068bd95) Importer(815301076,1909f56bfc062723c751e8b465ee728b)  -> (artifact id: 'faa4aadd12e2fb0b331c8ac1242f9f05') in 0.008766 seconds
  Import took 0.011109 seconds .

========================================================================
Received Import Request.
  Time since last request: 333.719313 seconds.
  path: Assets/Materials/Brown.mat
  artifactKey: Guid(516bc4678bbcc83408448a3d335a67d4) Importer(815301076,1909f56bfc062723c751e8b465ee728b)
Start importing Assets/Materials/Brown.mat using Guid(516bc4678bbcc83408448a3d335a67d4) Importer(815301076,1909f56bfc062723c751e8b465ee728b)  -> (artifact id: '594f7e1ead70cfc87d9bd480561531fa') in 0.353538 seconds
  Import took 0.355906 seconds .

========================================================================
Received Import Request.
  Time since last request: 29.245184 seconds.
  path: Assets/Materials/Brown.mat
  artifactKey: Guid(516bc4678bbcc83408448a3d335a67d4) Importer(815301076,1909f56bfc062723c751e8b465ee728b)
Start importing Assets/Materials/Brown.mat using Guid(516bc4678bbcc83408448a3d335a67d4) Importer(815301076,1909f56bfc062723c751e8b465ee728b)  -> (artifact id: 'a9f8e5f33a18097bb46223a7f7811eff') in 0.013182 seconds
  Import took 0.015539 seconds .

========================================================================
Received Import Request.
  Time since last request: 203.471206 seconds.
  path: Assets/Standard Assets/Environment/Water/Water/Scripts/Water.cs
  artifactKey: Guid(a3d3ef1a5bbfb4e0a910fbbe5830b1f9) Importer(815301076,1909f56bfc062723c751e8b465ee728b)
Start importing Assets/Standard Assets/Environment/Water/Water/Scripts/Water.cs using Guid(a3d3ef1a5bbfb4e0a910fbbe5830b1f9) Importer(815301076,1909f56bfc062723c751e8b465ee728b)  -> (artifact id: '67fb2e6407ede2549b20fe9487182393') in 0.009559 seconds
  Import took 0.011973 seconds .

AssetImportWorkerClient::OnTransportError - code=2 error=End of file
